CRITICAL - 2022-12-08 02:31:25 --> Call to a member function save() on null
#0 /var/www/html/CI-project/vendor/codeigniter4/framework/system/CodeIgniter.php(910): App\Controllers\News->create()
#1 /var/www/html/CI-project/vendor/codeigniter4/framework/system/CodeIgniter.php(398): CodeIgniter\CodeIgniter->runController()
#2 /var/www/html/CI-project/vendor/codeigniter4/framework/system/CodeIgniter.php(306): CodeIgniter\CodeIgniter->handleRequest()
#3 /var/www/html/CI-project/public/index.php(45): CodeIgniter\CodeIgniter->run()
#4 /var/www/html/CI-project/vendor/codeigniter4/framework/system/Commands/Server/rewrite.php(34): require_once('/var/www/html/C...')
#5 {main}
CRITICAL - 2022-12-08 02:35:55 --> Call to a member function save() on null
#0 /var/www/html/CI-project/vendor/codeigniter4/framework/system/CodeIgniter.php(910): App\Controllers\News->create()
#1 /var/www/html/CI-project/vendor/codeigniter4/framework/system/CodeIgniter.php(398): CodeIgniter\CodeIgniter->runController()
#2 /var/www/html/CI-project/vendor/codeigniter4/framework/system/CodeIgniter.php(306): CodeIgniter\CodeIgniter->handleRequest()
#3 /var/www/html/CI-project/public/index.php(45): CodeIgniter\CodeIgniter->run()
#4 /var/www/html/CI-project/vendor/codeigniter4/framework/system/Commands/Server/rewrite.php(34): require_once('/var/www/html/C...')
#5 {main}
CRITICAL - 2022-12-08 02:37:46 --> Invalid file: news/create.php
#0 /var/www/html/CI-project/vendor/codeigniter4/framework/system/View/View.php(224): CodeIgniter\Exceptions\FrameworkException::forInvalidFile()
#1 /var/www/html/CI-project/vendor/codeigniter4/framework/system/Common.php(1071): CodeIgniter\View\View->render()
#2 /var/www/html/CI-project/app/Controllers/News.php(25): view()
#3 /var/www/html/CI-project/vendor/codeigniter4/framework/system/CodeIgniter.php(910): App\Controllers\News->create()
#4 /var/www/html/CI-project/vendor/codeigniter4/framework/system/CodeIgniter.php(398): CodeIgniter\CodeIgniter->runController()
#5 /var/www/html/CI-project/vendor/codeigniter4/framework/system/CodeIgniter.php(306): CodeIgniter\CodeIgniter->handleRequest()
#6 /var/www/html/CI-project/public/index.php(45): CodeIgniter\CodeIgniter->run()
#7 /var/www/html/CI-project/vendor/codeigniter4/framework/system/Commands/Server/rewrite.php(34): require_once('/var/www/html/C...')
#8 {main}
CRITICAL - 2022-12-08 07:11:29 --> Unknown column 'email' in 'field list'
#0 /var/www/html/CI-project/vendor/codeigniter4/framework/system/Database/MySQLi/Connection.php(330): mysqli->query()
#1 /var/www/html/CI-project/vendor/codeigniter4/framework/system/Database/BaseConnection.php(738): CodeIgniter\Database\MySQLi\Connection->execute()
#2 /var/www/html/CI-project/vendor/codeigniter4/framework/system/Database/BaseConnection.php(666): CodeIgniter\Database\BaseConnection->simpleQuery()
#3 /var/www/html/CI-project/vendor/codeigniter4/framework/system/Database/BaseBuilder.php(2206): CodeIgniter\Database\BaseConnection->query()
#4 /var/www/html/CI-project/app/Controllers/Book.php(21): CodeIgniter\Database\BaseBuilder->insert()
#5 /var/www/html/CI-project/vendor/codeigniter4/framework/system/CodeIgniter.php(910): App\Controllers\Book->insert()
#6 /var/www/html/CI-project/vendor/codeigniter4/framework/system/CodeIgniter.php(398): CodeIgniter\CodeIgniter->runController()
#7 /var/www/html/CI-project/vendor/codeigniter4/framework/system/CodeIgniter.php(306): CodeIgniter\CodeIgniter->handleRequest()
#8 /var/www/html/CI-project/public/index.php(45): CodeIgniter\CodeIgniter->run()
#9 /var/www/html/CI-project/vendor/codeigniter4/framework/system/Commands/Server/rewrite.php(34): require_once('/var/www/html/C...')
#10 {main}
CRITICAL - 2022-12-08 07:29:04 --> Column 'name' cannot be null
#0 /var/www/html/CI-project/vendor/codeigniter4/framework/system/Database/MySQLi/Connection.php(330): mysqli->query()
#1 /var/www/html/CI-project/vendor/codeigniter4/framework/system/Database/BaseConnection.php(738): CodeIgniter\Database\MySQLi\Connection->execute()
#2 /var/www/html/CI-project/vendor/codeigniter4/framework/system/Database/BaseConnection.php(666): CodeIgniter\Database\BaseConnection->simpleQuery()
#3 /var/www/html/CI-project/vendor/codeigniter4/framework/system/Database/BaseBuilder.php(2206): CodeIgniter\Database\BaseConnection->query()
#4 /var/www/html/CI-project/app/Controllers/Book.php(21): CodeIgniter\Database\BaseBuilder->insert()
#5 /var/www/html/CI-project/vendor/codeigniter4/framework/system/CodeIgniter.php(910): App\Controllers\Book->insert()
#6 /var/www/html/CI-project/vendor/codeigniter4/framework/system/CodeIgniter.php(398): CodeIgniter\CodeIgniter->runController()
#7 /var/www/html/CI-project/vendor/codeigniter4/framework/system/CodeIgniter.php(306): CodeIgniter\CodeIgniter->handleRequest()
#8 /var/www/html/CI-project/public/index.php(45): CodeIgniter\CodeIgniter->run()
#9 /var/www/html/CI-project/vendor/codeigniter4/framework/system/Commands/Server/rewrite.php(34): require_once('/var/www/html/C...')
#10 {main}
CRITICAL - 2022-12-08 07:30:28 --> Column 'name' cannot be null
#0 /var/www/html/CI-project/vendor/codeigniter4/framework/system/Database/MySQLi/Connection.php(330): mysqli->query()
#1 /var/www/html/CI-project/vendor/codeigniter4/framework/system/Database/BaseConnection.php(738): CodeIgniter\Database\MySQLi\Connection->execute()
#2 /var/www/html/CI-project/vendor/codeigniter4/framework/system/Database/BaseConnection.php(666): CodeIgniter\Database\BaseConnection->simpleQuery()
#3 /var/www/html/CI-project/vendor/codeigniter4/framework/system/Database/BaseBuilder.php(2206): CodeIgniter\Database\BaseConnection->query()
#4 /var/www/html/CI-project/app/Controllers/Book.php(21): CodeIgniter\Database\BaseBuilder->insert()
#5 /var/www/html/CI-project/vendor/codeigniter4/framework/system/CodeIgniter.php(910): App\Controllers\Book->insert()
#6 /var/www/html/CI-project/vendor/codeigniter4/framework/system/CodeIgniter.php(398): CodeIgniter\CodeIgniter->runController()
#7 /var/www/html/CI-project/vendor/codeigniter4/framework/system/CodeIgniter.php(306): CodeIgniter\CodeIgniter->handleRequest()
#8 /var/www/html/CI-project/public/index.php(45): CodeIgniter\CodeIgniter->run()
#9 /var/www/html/CI-project/vendor/codeigniter4/framework/system/Commands/Server/rewrite.php(34): require_once('/var/www/html/C...')
#10 {main}
